[
  {
    "line": 2,
    "elements": [
      {
        "line": 3,
        "name": "",
        "description": "",
        "type": "background",
        "keyword": "Background",
        "steps": [
          {
            "result": {
              "duration": 1466173400,
              "status": "passed"
            },
            "line": 4,
            "name": "Open the browser",
            "match": {
              "location": "StepDef.open_the_browser()"
            },
            "keyword": "Given "
          },
          {
            "result": {
              "duration": 1209605200,
              "status": "passed"
            },
            "line": 5,
            "name": "Go to the application",
            "match": {
              "location": "StepDef.go_to_the_application()"
            },
            "keyword": "And "
          }
        ]
      },
      {
        "start_timestamp": "2024-11-02T02:06:43.866Z",
        "line": 8,
        "name": "As a para bank user, login should success with valid credintials",
        "description": "",
        "id": "login-function-test;as-a-para-bank-user--login-should-success-with-valid-credintials",
        "type": "scenario",
        "keyword": "Scenario",
        "steps": [
          {
            "result": {
              "duration": 62120700,
              "status": "passed"
            },
            "line": 9,
            "name": "Put the valid user",
            "match": {
              "location": "StepDef.put_the_valid_user()"
            },
            "keyword": "When "
          },
          {
            "result": {
              "duration": 48945000,
              "status": "passed"
            },
            "line": 10,
            "name": "Put the valid password",
            "match": {
              "location": "StepDef.put_the_valid_password()"
            },
            "keyword": "And "
          },
          {
            "result": {
              "duration": 674163700,
              "status": "passed"
            },
            "line": 11,
            "name": "Click on login btn",
            "match": {
              "location": "StepDef.click_on_login_btn()"
            },
            "keyword": "And "
          },
          {
            "result": {
              "error_message": "org.openqa.selenium.NoSuchElementException: no such element: Unable to locate element: {\"method\":\"xpath\",\"selector\":\"//*[text()\u003d\u0027Log Out\u0027]\"}\n  (Session info: chrome\u003d130.0.6723.92)\nFor documentation on this error, please visit: https://www.selenium.dev/documentation/webdriver/troubleshooting/errors#no-such-element-exception\nBuild info: version: \u00274.25.0\u0027, revision: \u00278a8aea2337\u0027\nSystem info: os.name: \u0027Windows 11\u0027, os.arch: \u0027amd64\u0027, os.version: \u002710.0\u0027, java.version: \u002717.0.12\u0027\nDriver info: org.openqa.selenium.chrome.ChromeDriver\nCommand: [032bd99f459b2a1f95274db753416a60, findElement {using\u003dxpath, value\u003d//*[text()\u003d\u0027Log Out\u0027]}]\nCapabilities {acceptInsecureCerts: false, browserName: chrome, browserVersion: 130.0.6723.92, chrome: {chromedriverVersion: 130.0.6723.91 (53ac07678369..., userDataDir: C:\\Users\\islam\\AppData\\Loca...}, fedcm:accounts: true, goog:chromeOptions: {debuggerAddress: localhost:59398}, networkConnectionEnabled: false, pageLoadStrategy: normal, platformName: windows, proxy: Proxy(), se:cdp: ws://localhost:59398/devtoo..., se:cdpVersion: 130.0.6723.92, setWindowRect: true, strictFileInteractability: false, timeouts: {implicit: 0, pageLoad: 300000, script: 30000}, unhandledPromptBehavior: dismiss and notify, webauthn:extension:credBlob: true, webauthn:extension:largeBlob: true, webauthn:extension:minPinLength: true, webauthn:extension:prf: true, webauthn:virtualAuthenticators: true}\nSession ID: 032bd99f459b2a1f95274db753416a60\r\n\tat java.base/jdk.internal.reflect.NativeConstructorAccessorImpl.newInstance0(Native Method)\r\n\tat java.base/jdk.internal.reflect.NativeConstructorAccessorImpl.newInstance(NativeConstructorAccessorImpl.java:77)\r\n\tat java.base/jdk.internal.reflect.DelegatingConstructorAccessorImpl.newInstance(DelegatingConstructorAccessorImpl.java:45)\r\n\tat java.base/java.lang.reflect.Constructor.newInstanceWithCaller(Constructor.java:499)\r\n\tat java.base/java.lang.reflect.Constructor.newInstance(Constructor.java:480)\r\n\tat org.openqa.selenium.remote.ErrorCodec.decode(ErrorCodec.java:167)\r\n\tat org.openqa.selenium.remote.codec.w3c.W3CHttpResponseCodec.decode(W3CHttpResponseCodec.java:138)\r\n\tat org.openqa.selenium.remote.codec.w3c.W3CHttpResponseCodec.decode(W3CHttpResponseCodec.java:50)\r\n\tat org.openqa.selenium.remote.HttpCommandExecutor.execute(HttpCommandExecutor.java:190)\r\n\tat org.openqa.selenium.remote.service.DriverCommandExecutor.invokeExecute(DriverCommandExecutor.java:216)\r\n\tat org.openqa.selenium.remote.service.DriverCommandExecutor.execute(DriverCommandExecutor.java:174)\r\n\tat org.openqa.selenium.remote.RemoteWebDriver.execute(RemoteWebDriver.java:545)\r\n\tat org.openqa.selenium.remote.ElementLocation$ElementFinder$2.findElement(ElementLocation.java:165)\r\n\tat org.openqa.selenium.remote.ElementLocation.findElement(ElementLocation.java:59)\r\n\tat org.openqa.selenium.remote.RemoteWebDriver.findElement(RemoteWebDriver.java:368)\r\n\tat org.openqa.selenium.remote.RemoteWebDriver.findElement(RemoteWebDriver.java:362)\r\n\tat org.openqa.selenium.support.pagefactory.DefaultElementLocator.findElement(DefaultElementLocator.java:68)\r\n\tat org.openqa.selenium.support.pagefactory.internal.LocatingElementHandler.invoke(LocatingElementHandler.java:38)\r\n\tat jdk.proxy2/jdk.proxy2.$Proxy18.isDisplayed(Unknown Source)\r\n\tat com.generic.StepDef.check_the_login_status_as_pass(StepDef.java:69)\r\n\tat ✽.login should pass and logout button should visible(file:src/main/resources/parabankLogin.feature:12)\r\n",
              "duration": 4051722600,
              "status": "failed"
            },
            "line": 12,
            "name": "login should pass and logout button should visible",
            "match": {
              "location": "StepDef.check_the_login_status_as_pass()"
            },
            "keyword": "Then "
          }
        ],
        "tags": [
          {
            "name": "@Smoke"
          },
          {
            "name": "@Regression"
          },
          {
            "name": "@Functional"
          },
          {
            "name": "@Positive"
          },
          {
            "name": "@TC_001"
          }
        ]
      },
      {
        "line": 3,
        "name": "",
        "description": "",
        "type": "background",
        "keyword": "Background",
        "steps": [
          {
            "result": {
              "duration": 837055000,
              "status": "passed"
            },
            "line": 4,
            "name": "Open the browser",
            "match": {
              "location": "StepDef.open_the_browser()"
            },
            "keyword": "Given "
          },
          {
            "result": {
              "duration": 1000542300,
              "status": "passed"
            },
            "line": 5,
            "name": "Go to the application",
            "match": {
              "location": "StepDef.go_to_the_application()"
            },
            "keyword": "And "
          }
        ]
      },
      {
        "start_timestamp": "2024-11-02T02:06:51.385Z",
        "line": 14,
        "name": "As a para bank user, login should fail with invalid credintials",
        "description": "",
        "id": "login-function-test;as-a-para-bank-user--login-should-fail-with-invalid-credintials",
        "type": "scenario",
        "keyword": "Scenario",
        "steps": [
          {
            "result": {
              "duration": 51573200,
              "status": "passed"
            },
            "line": 15,
            "name": "Put the invalid user",
            "match": {
              "location": "StepDef.put_the_invalid_user()"
            },
            "keyword": "When "
          },
          {
            "result": {
              "duration": 63045700,
              "status": "passed"
            },
            "line": 16,
            "name": "Put the invalid password",
            "match": {
              "location": "StepDef.put_the_invalid_password()"
            },
            "keyword": "And "
          },
          {
            "result": {
              "duration": 480309700,
              "status": "passed"
            },
            "line": 17,
            "name": "Click on login btn",
            "match": {
              "location": "StepDef.click_on_login_btn()"
            },
            "keyword": "And "
          },
          {
            "result": {
              "error_message": "org.openqa.selenium.NoSuchElementException: no such element: Unable to locate element: {\"method\":\"xpath\",\"selector\":\"//*[text()\u003d\u0027Log Out\u0027]\"}\n  (Session info: chrome\u003d130.0.6723.92)\nFor documentation on this error, please visit: https://www.selenium.dev/documentation/webdriver/troubleshooting/errors#no-such-element-exception\nBuild info: version: \u00274.25.0\u0027, revision: \u00278a8aea2337\u0027\nSystem info: os.name: \u0027Windows 11\u0027, os.arch: \u0027amd64\u0027, os.version: \u002710.0\u0027, java.version: \u002717.0.12\u0027\nDriver info: org.openqa.selenium.chrome.ChromeDriver\nCommand: [1d5812b30f07c34504ad9fb50dc8be56, findElement {using\u003dxpath, value\u003d//*[text()\u003d\u0027Log Out\u0027]}]\nCapabilities {acceptInsecureCerts: false, browserName: chrome, browserVersion: 130.0.6723.92, chrome: {chromedriverVersion: 130.0.6723.91 (53ac07678369..., userDataDir: C:\\Users\\islam\\AppData\\Loca...}, fedcm:accounts: true, goog:chromeOptions: {debuggerAddress: localhost:59417}, networkConnectionEnabled: false, pageLoadStrategy: normal, platformName: windows, proxy: Proxy(), se:cdp: ws://localhost:59417/devtoo..., se:cdpVersion: 130.0.6723.92, setWindowRect: true, strictFileInteractability: false, timeouts: {implicit: 0, pageLoad: 300000, script: 30000}, unhandledPromptBehavior: dismiss and notify, webauthn:extension:credBlob: true, webauthn:extension:largeBlob: true, webauthn:extension:minPinLength: true, webauthn:extension:prf: true, webauthn:virtualAuthenticators: true}\nSession ID: 1d5812b30f07c34504ad9fb50dc8be56\r\n\tat java.base/jdk.internal.reflect.NativeConstructorAccessorImpl.newInstance0(Native Method)\r\n\tat java.base/jdk.internal.reflect.NativeConstructorAccessorImpl.newInstance(NativeConstructorAccessorImpl.java:77)\r\n\tat java.base/jdk.internal.reflect.DelegatingConstructorAccessorImpl.newInstance(DelegatingConstructorAccessorImpl.java:45)\r\n\tat java.base/java.lang.reflect.Constructor.newInstanceWithCaller(Constructor.java:499)\r\n\tat java.base/java.lang.reflect.Constructor.newInstance(Constructor.java:480)\r\n\tat org.openqa.selenium.remote.ErrorCodec.decode(ErrorCodec.java:167)\r\n\tat org.openqa.selenium.remote.codec.w3c.W3CHttpResponseCodec.decode(W3CHttpResponseCodec.java:138)\r\n\tat org.openqa.selenium.remote.codec.w3c.W3CHttpResponseCodec.decode(W3CHttpResponseCodec.java:50)\r\n\tat org.openqa.selenium.remote.HttpCommandExecutor.execute(HttpCommandExecutor.java:190)\r\n\tat org.openqa.selenium.remote.service.DriverCommandExecutor.invokeExecute(DriverCommandExecutor.java:216)\r\n\tat org.openqa.selenium.remote.service.DriverCommandExecutor.execute(DriverCommandExecutor.java:174)\r\n\tat org.openqa.selenium.remote.RemoteWebDriver.execute(RemoteWebDriver.java:545)\r\n\tat org.openqa.selenium.remote.ElementLocation$ElementFinder$2.findElement(ElementLocation.java:165)\r\n\tat org.openqa.selenium.remote.ElementLocation.findElement(ElementLocation.java:59)\r\n\tat org.openqa.selenium.remote.RemoteWebDriver.findElement(RemoteWebDriver.java:368)\r\n\tat org.openqa.selenium.remote.RemoteWebDriver.findElement(RemoteWebDriver.java:362)\r\n\tat org.openqa.selenium.support.pagefactory.DefaultElementLocator.findElement(DefaultElementLocator.java:68)\r\n\tat org.openqa.selenium.support.pagefactory.internal.LocatingElementHandler.invoke(LocatingElementHandler.java:38)\r\n\tat jdk.proxy2/jdk.proxy2.$Proxy18.isDisplayed(Unknown Source)\r\n\tat com.generic.StepDef.login_should_fail_and_error_msg_contains_An_internal_error_has_occurred_and_has_been_logged(StepDef.java:92)\r\n\tat ✽.login should fail and error msg contains An internal error has occurred and has been logged.(file:src/main/resources/parabankLogin.feature:18)\r\n",
              "duration": 4051710400,
              "status": "failed"
            },
            "line": 18,
            "name": "login should fail and error msg contains An internal error has occurred and has been logged.",
            "match": {
              "location": "StepDef.login_should_fail_and_error_msg_contains_An_internal_error_has_occurred_and_has_been_logged()"
            },
            "keyword": "Then "
          }
        ],
        "tags": [
          {
            "name": "@Smoke"
          },
          {
            "name": "@Regression"
          },
          {
            "name": "@Functional"
          },
          {
            "name": "@negative"
          },
          {
            "name": "@TC_002"
          }
        ]
      },
      {
        "line": 3,
        "name": "",
        "description": "",
        "type": "background",
        "keyword": "Background",
        "steps": [
          {
            "result": {
              "duration": 864790700,
              "status": "passed"
            },
            "line": 4,
            "name": "Open the browser",
            "match": {
              "location": "StepDef.open_the_browser()"
            },
            "keyword": "Given "
          },
          {
            "result": {
              "duration": 1221221200,
              "status": "passed"
            },
            "line": 5,
            "name": "Go to the application",
            "match": {
              "location": "StepDef.go_to_the_application()"
            },
            "keyword": "And "
          }
        ]
      },
      {
        "start_timestamp": "2024-11-02T02:06:57.871Z",
        "line": 21,
        "name": "As a para bank user, login should fail with null credintials",
        "description": "",
        "id": "login-function-test;as-a-para-bank-user--login-should-fail-with-null-credintials",
        "type": "scenario",
        "keyword": "Scenario",
        "steps": [
          {
            "result": {
              "duration": 53887100,
              "status": "passed"
            },
            "line": 22,
            "name": "Put the null user",
            "match": {
              "location": "StepDef.put_the_null_user()"
            },
            "keyword": "When "
          },
          {
            "result": {
              "duration": 61159200,
              "status": "passed"
            },
            "line": 23,
            "name": "Put the null password",
            "match": {
              "location": "StepDef.put_the_null_password()"
            },
            "keyword": "And "
          },
          {
            "result": {
              "duration": 170265000,
              "status": "passed"
            },
            "line": 24,
            "name": "Click on login btn",
            "match": {
              "location": "StepDef.click_on_login_btn()"
            },
            "keyword": "And "
          },
          {
            "result": {
              "error_message": "org.openqa.selenium.NoSuchElementException: no such element: Unable to locate element: {\"method\":\"xpath\",\"selector\":\"//*[text()\u003d\u0027Log Out\u0027]\"}\n  (Session info: chrome\u003d130.0.6723.92)\nFor documentation on this error, please visit: https://www.selenium.dev/documentation/webdriver/troubleshooting/errors#no-such-element-exception\nBuild info: version: \u00274.25.0\u0027, revision: \u00278a8aea2337\u0027\nSystem info: os.name: \u0027Windows 11\u0027, os.arch: \u0027amd64\u0027, os.version: \u002710.0\u0027, java.version: \u002717.0.12\u0027\nDriver info: org.openqa.selenium.chrome.ChromeDriver\nCommand: [4ffc03bc063c85ca9e4049f161dfc1c0, findElement {using\u003dxpath, value\u003d//*[text()\u003d\u0027Log Out\u0027]}]\nCapabilities {acceptInsecureCerts: false, browserName: chrome, browserVersion: 130.0.6723.92, chrome: {chromedriverVersion: 130.0.6723.91 (53ac07678369..., userDataDir: C:\\Users\\islam\\AppData\\Loca...}, fedcm:accounts: true, goog:chromeOptions: {debuggerAddress: localhost:59439}, networkConnectionEnabled: false, pageLoadStrategy: normal, platformName: windows, proxy: Proxy(), se:cdp: ws://localhost:59439/devtoo..., se:cdpVersion: 130.0.6723.92, setWindowRect: true, strictFileInteractability: false, timeouts: {implicit: 0, pageLoad: 300000, script: 30000}, unhandledPromptBehavior: dismiss and notify, webauthn:extension:credBlob: true, webauthn:extension:largeBlob: true, webauthn:extension:minPinLength: true, webauthn:extension:prf: true, webauthn:virtualAuthenticators: true}\nSession ID: 4ffc03bc063c85ca9e4049f161dfc1c0\r\n\tat java.base/jdk.internal.reflect.NativeConstructorAccessorImpl.newInstance0(Native Method)\r\n\tat java.base/jdk.internal.reflect.NativeConstructorAccessorImpl.newInstance(NativeConstructorAccessorImpl.java:77)\r\n\tat java.base/jdk.internal.reflect.DelegatingConstructorAccessorImpl.newInstance(DelegatingConstructorAccessorImpl.java:45)\r\n\tat java.base/java.lang.reflect.Constructor.newInstanceWithCaller(Constructor.java:499)\r\n\tat java.base/java.lang.reflect.Constructor.newInstance(Constructor.java:480)\r\n\tat org.openqa.selenium.remote.ErrorCodec.decode(ErrorCodec.java:167)\r\n\tat org.openqa.selenium.remote.codec.w3c.W3CHttpResponseCodec.decode(W3CHttpResponseCodec.java:138)\r\n\tat org.openqa.selenium.remote.codec.w3c.W3CHttpResponseCodec.decode(W3CHttpResponseCodec.java:50)\r\n\tat org.openqa.selenium.remote.HttpCommandExecutor.execute(HttpCommandExecutor.java:190)\r\n\tat org.openqa.selenium.remote.service.DriverCommandExecutor.invokeExecute(DriverCommandExecutor.java:216)\r\n\tat org.openqa.selenium.remote.service.DriverCommandExecutor.execute(DriverCommandExecutor.java:174)\r\n\tat org.openqa.selenium.remote.RemoteWebDriver.execute(RemoteWebDriver.java:545)\r\n\tat org.openqa.selenium.remote.ElementLocation$ElementFinder$2.findElement(ElementLocation.java:165)\r\n\tat org.openqa.selenium.remote.ElementLocation.findElement(ElementLocation.java:59)\r\n\tat org.openqa.selenium.remote.RemoteWebDriver.findElement(RemoteWebDriver.java:368)\r\n\tat org.openqa.selenium.remote.RemoteWebDriver.findElement(RemoteWebDriver.java:362)\r\n\tat org.openqa.selenium.support.pagefactory.DefaultElementLocator.findElement(DefaultElementLocator.java:68)\r\n\tat org.openqa.selenium.support.pagefactory.internal.LocatingElementHandler.invoke(LocatingElementHandler.java:38)\r\n\tat jdk.proxy2/jdk.proxy2.$Proxy18.isDisplayed(Unknown Source)\r\n\tat com.generic.StepDef.login_should_fail_and_msg_contains_Please_enter_a_username_and_password(StepDef.java:113)\r\n\tat ✽.login should fail and msg contains Please enter a username and password.(file:src/main/resources/parabankLogin.feature:25)\r\n",
              "duration": 4007453500,
              "status": "failed"
            },
            "line": 25,
            "name": "login should fail and msg contains Please enter a username and password.",
            "match": {
              "location": "StepDef.login_should_fail_and_msg_contains_Please_enter_a_username_and_password()"
            },
            "keyword": "Then "
          }
        ],
        "tags": [
          {
            "name": "@Smoke"
          },
          {
            "name": "@Regression"
          },
          {
            "name": "@Functional"
          },
          {
            "name": "@negative"
          },
          {
            "name": "@TC_003"
          }
        ]
      }
    ],
    "name": "Login function test",
    "description": "",
    "id": "login-function-test",
    "keyword": "Feature",
    "uri": "file:src/main/resources/parabankLogin.feature",
    "tags": [
      {
        "name": "@Smoke",
        "type": "Tag",
        "location": {
          "line": 1,
          "column": 1
        }
      },
      {
        "name": "@Regression",
        "type": "Tag",
        "location": {
          "line": 1,
          "column": 8
        }
      },
      {
        "name": "@Functional",
        "type": "Tag",
        "location": {
          "line": 1,
          "column": 20
        }
      }
    ]
  }
]